<?xml version="1.0" encoding="UTF-8"?>
<!-- Generated by org.testng.reporters.JUnitXMLReporter -->
<testsuite ignored="0" hostname="DESKTOP-RFLVK9L" failures="0" tests="3" name="Default test" time="32.664" errors="0" timestamp="2023-05-24T12:34:16 MDT">
  <testcase classname="test.UserMenuTest" name="userMenuDropDownDeveloperConsole_TC08" time="10.746"/>
  <testcase classname="test.UserMenuTest" name="userMenuDropDown_TC05" time="8.541"/>
  <testcase classname="test.UserMenuTest" name="userMenuLogout_Tc_09" time="9.401"/>
</testsuite> <!-- Default test -->
