<?xml version="1.0" encoding="UTF-8"?>
<!-- Generated by org.testng.reporters.JUnitXMLReporter -->
<testsuite ignored="4" hostname="DESKTOP-RFLVK9L" failures="1" tests="1" name="SmokeTest" time="0.043" errors="0" timestamp="2023-02-13T13:45:34 MST">
  <testcase classname="test.LoginTest" name="loginToSfdc_TC_02" time="0.012">
    <failure type="java.lang.NullPointerException" message="Cannot invoke &amp;quot;com.aventstack.extentreports.ExtentReports.createTest(String)&amp;quot; because &amp;quot;test.LoginTest.extent&amp;quot; is null">
      <![CDATA[java.lang.NullPointerException: Cannot invoke "com.aventstack.extentreports.ExtentReports.createTest(String)" because "test.LoginTest.extent" is null
at test.LoginTest.loginToSfdc_TC_02(LoginTest.java:40)
at java.base/java.util.ArrayList.forEach(ArrayList.java:1511)
... Removed 27 stack frames]]>
    </failure>
  </testcase> <!-- loginToSfdc_TC_02 -->
  <testcase classname="test.LoginTest" name="rememberMeCheckbox_TC_03" time="0.0">
    <ignored/>
  </testcase> <!-- rememberMeCheckbox_TC_03 -->
  <testcase classname="test.LoginTest" name="validateLoginErrorMsgTC_04B" time="0.0">
    <ignored/>
  </testcase> <!-- validateLoginErrorMsgTC_04B -->
  <testcase classname="test.LoginTest" name="forgotPasswordTC_04A" time="0.0">
    <ignored/>
  </testcase> <!-- forgotPasswordTC_04A -->
  <testcase classname="test.LoginTest" name="clearpassword_TC_01" time="0.0">
    <ignored/>
  </testcase> <!-- clearpassword_TC_01 -->
</testsuite> <!-- SmokeTest -->
