<?xml version="1.0" encoding="UTF-8"?>
<!-- Generated by org.testng.reporters.JUnitXMLReporter -->
<testsuite ignored="4" hostname="DESKTOP-RFLVK9L" failures="0" tests="7" name="Test" time="17.836" errors="0" timestamp="2023-05-24T11:46:15 MDT">
  <testcase classname="test.LoginTest" name="forgotPasswordTC_04A" time="2.991"/>
  <testcase classname="test.LoginTest" name="validateLoginErrorMsgTC_04B" time="3.389"/>
  <testcase classname="test.LoginTest" name="clearpassword_TC_01" time="5.824"/>
  <testcase classname="test.LoginTest" name="loginToSfdc_TC_02" time="8.867"/>
  <testcase classname="test.UserMenuTest" name="userMenuDropDownDeveloperConsole_TC08" time="12.943"/>
  <testcase classname="test.UserMenuTest" name="userMenuLogout_Tc_09" time="9.272"/>
  <testcase classname="test.UserMenuTest" name="userMenuDropDown_TC05" time="10.164"/>
  <testcase classname="test.LoginTest" name="rememberMeCheckbox_TC_03" time="0.0">
    <ignored/>
  </testcase> <!-- rememberMeCheckbox_TC_03 -->
  <testcase classname="test.BaseTest" name="@AfterSuite tearDown" time="0.0">
    <ignored/>
  </testcase> <!-- @AfterSuite tearDown -->
  <testcase classname="test.LoginTest" name="loginToSfdc_throughdataProvider_TC_02" time="0.0">
    <ignored/>
  </testcase> <!-- loginToSfdc_throughdataProvider_TC_02 -->
  <testcase classname="test.BaseTest" name="@BeforeSuite setUp" time="0.0">
    <ignored/>
  </testcase> <!-- @BeforeSuite setUp -->
</testsuite> <!-- Test -->
